Start testing: May 07 05:52 MSK
----------------------------------------------------------
1/4 Testing: ImageProcessingTest.GrayscaleConversion
1/4 Test: ImageProcessingTest.GrayscaleConversion
Command: "/home/alfasamec3d/media/programs/Image_processor/build/testgrayscale" "--gtest_filter=ImageProcessingTest.GrayscaleConversion" "--gtest_also_run_disabled_tests"
Directory: /home/alfasamec3d/media/programs/Image_processor/build
"ImageProcessingTest.GrayscaleConversion" start time: May 07 05:52 MSK
Output:
----------------------------------------------------------
Running main() from /home/alfasamec3d/media/programs/Image_processor/build/_deps/googletest-src/googletest/src/gtest_main.cc
Note: Google Test filter = ImageProcessingTest.GrayscaleConversion
[==========] Running 1 test from 1 test suite.
[----------] Global test environment set-up.
[----------] 1 test from ImageProcessingTest
[ RUN      ] ImageProcessingTest.GrayscaleConversion
[       OK ] ImageProcessingTest.GrayscaleConversion (111 ms)
[----------] 1 test from ImageProcessingTest (111 ms total)

[----------] Global test environment tear-down
[==========] 1 test from 1 test suite ran. (111 ms total)
[  PASSED  ] 1 test.
<end of output>
Test time =   0.18 sec
----------------------------------------------------------
Test Passed.
"ImageProcessingTest.GrayscaleConversion" end time: May 07 05:52 MSK
"ImageProcessingTest.GrayscaleConversion" time elapsed: 00:00:00
----------------------------------------------------------

2/4 Testing: ImageProcessingTest.GrayscaleSectionConversion
2/4 Test: ImageProcessingTest.GrayscaleSectionConversion
Command: "/home/alfasamec3d/media/programs/Image_processor/build/testgrayscalesection" "--gtest_filter=ImageProcessingTest.GrayscaleSectionConversion" "--gtest_also_run_disabled_tests"
Directory: /home/alfasamec3d/media/programs/Image_processor/build
"ImageProcessingTest.GrayscaleSectionConversion" start time: May 07 05:52 MSK
Output:
----------------------------------------------------------
Running main() from /home/alfasamec3d/media/programs/Image_processor/build/_deps/googletest-src/googletest/src/gtest_main.cc
Note: Google Test filter = ImageProcessingTest.GrayscaleSectionConversion
[==========] Running 1 test from 1 test suite.
[----------] Global test environment set-up.
[----------] 1 test from ImageProcessingTest
[ RUN      ] ImageProcessingTest.GrayscaleSectionConversion
[       OK ] ImageProcessingTest.GrayscaleSectionConversion (123 ms)
[----------] 1 test from ImageProcessingTest (123 ms total)

[----------] Global test environment tear-down
[==========] 1 test from 1 test suite ran. (124 ms total)
[  PASSED  ] 1 test.
<end of output>
Test time =   0.20 sec
----------------------------------------------------------
Test Passed.
"ImageProcessingTest.GrayscaleSectionConversion" end time: May 07 05:52 MSK
"ImageProcessingTest.GrayscaleSectionConversion" time elapsed: 00:00:00
----------------------------------------------------------

3/4 Testing: ImageProcessingTest.BlurSectionConversion
3/4 Test: ImageProcessingTest.BlurSectionConversion
Command: "/home/alfasamec3d/media/programs/Image_processor/build/testblursection" "--gtest_filter=ImageProcessingTest.BlurSectionConversion" "--gtest_also_run_disabled_tests"
Directory: /home/alfasamec3d/media/programs/Image_processor/build
"ImageProcessingTest.BlurSectionConversion" start time: May 07 05:52 MSK
Output:
----------------------------------------------------------
Running main() from /home/alfasamec3d/media/programs/Image_processor/build/_deps/googletest-src/googletest/src/gtest_main.cc
Note: Google Test filter = ImageProcessingTest.BlurSectionConversion
[==========] Running 1 test from 1 test suite.
[----------] Global test environment set-up.
[----------] 1 test from ImageProcessingTest
[ RUN      ] ImageProcessingTest.BlurSectionConversion
[       OK ] ImageProcessingTest.BlurSectionConversion (72 ms)
[----------] 1 test from ImageProcessingTest (72 ms total)

[----------] Global test environment tear-down
[==========] 1 test from 1 test suite ran. (72 ms total)
[  PASSED  ] 1 test.
<end of output>
Test time =   0.13 sec
----------------------------------------------------------
Test Passed.
"ImageProcessingTest.BlurSectionConversion" end time: May 07 05:52 MSK
"ImageProcessingTest.BlurSectionConversion" time elapsed: 00:00:00
----------------------------------------------------------

4/4 Testing: ImageProcessingTest.BlurConversion
4/4 Test: ImageProcessingTest.BlurConversion
Command: "/home/alfasamec3d/media/programs/Image_processor/build/testblur" "--gtest_filter=ImageProcessingTest.BlurConversion" "--gtest_also_run_disabled_tests"
Directory: /home/alfasamec3d/media/programs/Image_processor/build
"ImageProcessingTest.BlurConversion" start time: May 07 05:52 MSK
Output:
----------------------------------------------------------
Running main() from /home/alfasamec3d/media/programs/Image_processor/build/_deps/googletest-src/googletest/src/gtest_main.cc
Note: Google Test filter = ImageProcessingTest.BlurConversion
[==========] Running 1 test from 1 test suite.
[----------] Global test environment set-up.
[----------] 1 test from ImageProcessingTest
[ RUN      ] ImageProcessingTest.BlurConversion
[       OK ] ImageProcessingTest.BlurConversion (112 ms)
[----------] 1 test from ImageProcessingTest (112 ms total)

[----------] Global test environment tear-down
[==========] 1 test from 1 test suite ran. (113 ms total)
[  PASSED  ] 1 test.
<end of output>
Test time =   0.19 sec
----------------------------------------------------------
Test Passed.
"ImageProcessingTest.BlurConversion" end time: May 07 05:52 MSK
"ImageProcessingTest.BlurConversion" time elapsed: 00:00:00
----------------------------------------------------------

End testing: May 07 05:52 MSK
